<?xml version="1.0" encoding="UTF-8"?>
<testsuites name="Regression Testing" tests="2" time="1.518">
  <testsuite name="Create Activity" id="5b1d7adb-4c2a-4296-958b-266ef959bd21" timestamp="2023-12-16T03:14:47.912Z" tests="4" failures="0" errors="0" time="1.225">
    <testcase name="Status code is 200" time="1.225" classname="RegressionTesting"/>
    <testcase name="Response matches JSON schema" time="1.225" classname="RegressionTesting"/>
    <testcase name="Response time is less than 3000ms" time="1.225" classname="RegressionTesting"/>
    <testcase name="Content-Type is present" time="1.225" classname="RegressionTesting"/>
  </testsuite>
  <testsuite name="Get All Activities" id="4d147621-d28b-45de-a87d-f03103bfac5d" timestamp="2023-12-16T03:14:47.912Z" tests="4" failures="0" errors="0" time="0.293">
    <testcase name="Status code is 200" time="0.293" classname="RegressionTesting"/>
    <testcase name="Response matches JSON schema" time="0.293" classname="RegressionTesting"/>
    <testcase name="Response time is less than 3000ms" time="0.293" classname="RegressionTesting"/>
    <testcase name="Content-Type is present" time="0.293" classname="RegressionTesting"/>
  </testsuite>
</testsuites>