<?xml version="1.0" encoding="UTF-8"?>
<testsuites name="Data Validation Testing" tests="2" time="1.515">
  <testsuite name="Create Activity" id="532abfa5-941a-422b-8b41-926977f3460d" timestamp="2023-12-16T03:13:50.306Z" tests="3" failures="0" errors="0" time="1.249">
    <testcase name="Status code is 200" time="1.249" classname="DataValidationTesting"/>
    <testcase name="Response matches JSON schema" time="1.249" classname="DataValidationTesting"/>
    <testcase name="Response body should contain specific data" time="1.249" classname="DataValidationTesting"/>
  </testsuite>
  <testsuite name="Get All Activities" id="9f34be9a-a524-43cf-aa09-2c361ffd6f59" timestamp="2023-12-16T03:13:50.306Z" tests="3" failures="0" errors="0" time="0.266">
    <testcase name="Status code is 200" time="0.266" classname="DataValidationTesting"/>
    <testcase name="Response matches JSON schema" time="0.266" classname="DataValidationTesting"/>
    <testcase name="Response body should contain specific data" time="0.266" classname="DataValidationTesting"/>
  </testsuite>
</testsuites>